<?xml version="1.0" encoding="UTF-8"?>
<!-- Generated by org.testng.reporters.JUnitXMLReporter -->
<testsuite hostname="xiaoyang" name="Test2" tests="8" failures="0" timestamp="11 Apr 2017 04:50:58 GMT" time="0.034" errors="0">
  <testcase name="testPara1" time="0.001" classname="TestNg.ParameterizedTest"/>
  <testcase name="testPara2" time="0.0" classname="TestNg.ParameterizedTest"/>
  <testcase name="Aest12" time="0.001" classname="TestNg.TestNg1"/>
  <testcase name="test11" time="0.0" classname="TestNg.TestNg1"/>
  <testcase name="test13" time="0.0" classname="TestNg.TestNg1"/>
  <testcase name="test14" time="0.001" classname="TestNg.TestNg1"/>
  <testcase name="testException" time="0.0" classname="TestNg.TestNg1"/>
  <testcase name="test1" time="0.0" classname="TestNg.TestNg"/>
</testsuite> <!-- Test2 -->
