<?xml version="1.0" encoding="UTF-8"?>
<!-- Generated by org.testng.reporters.JUnitXMLReporter -->
<testsuite hostname="xiaoyang" name="Test" tests="10" failures="0" timestamp="10 Apr 2017 09:45:59 GMT" time="0.062" errors="0">
  <testcase name="Aest12" time="0.009" classname="TestNg.TestNg1"/>
  <testcase name="test11" time="0.0" classname="TestNg.TestNg1"/>
  <testcase name="test13" time="0.0" classname="TestNg.TestNg1"/>
  <testcase name="test14" time="0.0" classname="TestNg.TestNg1"/>
  <testcase name="testException" time="0.001" classname="TestNg.TestNg1"/>
  <testcase name="test2" time="0.001" classname="TestNg.TestNg"/>
  <testcase name="test1" time="0.001" classname="TestNg.TestNg"/>
  <testcase name="testClickPage" time="0.002" classname="TestNg.GroupTest"/>
  <testcase name="testLogin" time="0.001" classname="TestNg.GroupTest"/>
  <testcase name="testOpenPage" time="0.0" classname="TestNg.GroupTest"/>
</testsuite> <!-- Test -->
