<?xml version="1.0" encoding="UTF-8"?>
<!-- Generated by org.testng.reporters.JUnitXMLReporter -->
<testsuite hostname="xiaoyang" name="Test1" tests="12" failures="0" timestamp="11 Apr 2017 04:50:58 GMT" time="0.056" errors="0">
  <testcase name="Aest12" time="0.01" classname="TestNg.TestNg1"/>
  <testcase name="test11" time="0.001" classname="TestNg.TestNg1"/>
  <testcase name="test13" time="0.0" classname="TestNg.TestNg1"/>
  <testcase name="test14" time="0.001" classname="TestNg.TestNg1"/>
  <testcase name="testException" time="0.001" classname="TestNg.TestNg1"/>
  <testcase name="test2" time="0.001" classname="TestNg.TestNg"/>
  <testcase name="test1" time="0.0" classname="TestNg.TestNg"/>
  <testcase name="testClickPage" time="0.001" classname="TestNg.GroupTest"/>
  <testcase name="testLogin" time="0.001" classname="TestNg.GroupTest"/>
  <testcase name="testOpenPage" time="0.001" classname="TestNg.GroupTest"/>
  <testcase name="testPara1" time="0.001" classname="TestNg.ParameterizedTest"/>
  <testcase name="testVerifyUser" time="0.0" classname="TestNg.DataProviderTest">
    <skipped/>
  </testcase> <!-- testVerifyUser -->
</testsuite> <!-- Test1 -->
