<?xml version="1.0" encoding="UTF-8"?>
<testng-results skipped="0" failed="0" total="2" passed="2">
  <reporter-output>
  </reporter-output>
  <suite name="Suite" duration-ms="37" started-at="2017-04-13T01:31:13Z" finished-at="2017-04-13T01:31:13Z">
    <groups>
    </groups>
    <test name="Default test" duration-ms="37" started-at="2017-04-13T01:31:13Z" finished-at="2017-04-13T01:31:13Z">
      <class name="TestNg.ParameterizedTest">
        <test-method status="PASS" signature="testPara1(java.lang.String, java.lang.String)[pri:0, instance:TestNg.ParameterizedTest@6d78f375]" name="testPara1" duration-ms="8" started-at="2017-04-13T09:31:13Z" finished-at="2017-04-13T09:31:13Z">
          <params>
            <param index="0">
              <value>
                <![CDATA[Dog]]>
              </value>
            </param>
            <param index="1">
              <value>
                <![CDATA[Cat]]>
              </value>
            </param>
          </params>
          <reporter-output>
          </reporter-output>
        </test-method> <!-- testPara1 -->
        <test-method status="PASS" signature="testPara2()[pri:0, instance:TestNg.ParameterizedTest@6d78f375]" name="testPara2" duration-ms="2" started-at="2017-04-13T09:31:13Z" finished-at="2017-04-13T09:31:13Z">
          <reporter-output>
          </reporter-output>
        </test-method> <!-- testPara2 -->
      </class> <!-- TestNg.ParameterizedTest -->
    </test> <!-- Default test -->
  </suite> <!-- Suite -->
</testng-results>
