<?xml version="1.0" encoding="UTF-8"?>
<testng-results skipped="1" failed="0" total="1" passed="0">
  <reporter-output>
  </reporter-output>
  <suite name="Default suite" duration-ms="15" started-at="2017-04-11T08:45:58Z" finished-at="2017-04-11T08:45:58Z">
    <groups>
    </groups>
    <test name="Default test" duration-ms="15" started-at="2017-04-11T08:45:58Z" finished-at="2017-04-11T08:45:58Z">
      <class name="TestNg.DataProviderTest">
        <test-method status="SKIP" signature="testVerifyUser(java.lang.String, java.lang.String)[pri:0, instance:TestNg.DataProviderTest@5ae9a829]" name="testVerifyUser" duration-ms="0" started-at="2017-04-11T16:45:58Z" data-provider="user" finished-at="2017-04-11T16:45:58Z">
          <exception class="java.lang.NoClassDefFoundError">
            <message>
              <![CDATA[com/google/common/primitives/Ints]]>
            </message>
            <full-stacktrace>
              <![CDATA[java.lang.NoClassDefFoundError: com/google/common/primitives/Ints
	at org.testng.internal.annotations.JDK15TagFactory.createDataProviderTag(JDK15TagFactory.java:335)
	at org.testng.internal.annotations.JDK15TagFactory.createTag(JDK15TagFactory.java:59)
	at org.testng.internal.annotations.JDK15AnnotationFinder.findAnnotation(JDK15AnnotationFinder.java:217)
	at org.testng.internal.annotations.JDK15AnnotationFinder.findAnnotation(JDK15AnnotationFinder.java:111)
	at org.testng.internal.Parameters.findDataProvider(Parameters.java:326)
	at org.testng.internal.Parameters.findDataProvider(Parameters.java:261)
	at org.testng.internal.Parameters.handleParameters(Parameters.java:418)
	at org.testng.internal.Invoker.handleParameters(Invoker.java:1240)
	at org.testng.internal.Invoker.createParameters(Invoker.java:980)
	at org.testng.internal.Invoker.invokeTestMethods(Invoker.java:1070)
	at org.testng.internal.TestMethodWorker.invokeTestMethods(TestMethodWorker.java:129)
	at org.testng.internal.TestMethodWorker.run(TestMethodWorker.java:112)
	at org.testng.TestRunner.privateRun(TestRunner.java:746)
	at org.testng.TestRunner.run(TestRunner.java:600)
	at org.testng.SuiteRunner.runTest(SuiteRunner.java:366)
	at org.testng.SuiteRunner.runSequentially(SuiteRunner.java:361)
	at org.testng.SuiteRunner.privateRun(SuiteRunner.java:319)
	at org.testng.SuiteRunner.run(SuiteRunner.java:268)
	at org.testng.SuiteRunnerWorker.runSuite(SuiteRunnerWorker.java:52)
	at org.testng.SuiteRunnerWorker.run(SuiteRunnerWorker.java:86)
	at org.testng.TestNG.runSuitesSequentially(TestNG.java:1264)
	at org.testng.TestNG.runSuitesLocally(TestNG.java:1189)
	at org.testng.TestNG.runSuites(TestNG.java:1104)
	at org.testng.TestNG.run(TestNG.java:1076)
	at org.testng.remote.AbstractRemoteTestNG.run(AbstractRemoteTestNG.java:126)
	at org.testng.remote.RemoteTestNG.initAndRun(RemoteTestNG.java:152)
	at org.testng.remote.RemoteTestNG.main(RemoteTestNG.java:57)
Caused by: java.lang.ClassNotFoundException: com.google.common.primitives.Ints
	at java.net.URLClassLoader.findClass(URLClassLoader.java:381)
	at java.lang.ClassLoader.loadClass(ClassLoader.java:424)
	at sun.misc.Launcher$AppClassLoader.loadClass(Launcher.java:331)
	at java.lang.ClassLoader.loadClass(ClassLoader.java:357)
	... 27 more
]]>
            </full-stacktrace>
          </exception> <!-- java.lang.NoClassDefFoundError -->
          <reporter-output>
          </reporter-output>
        </test-method> <!-- testVerifyUser -->
      </class> <!-- TestNg.DataProviderTest -->
    </test> <!-- Default test -->
  </suite> <!-- Default suite -->
</testng-results>
